{
  "stats": {
    "suites": 0,
    "tests": 2,
    "passes": 2,
    "pending": 0,
    "failures": 0,
    "start": "2022-11-13T17:33:40.322Z",
    "end": "2022-11-13T17:33:43.340Z",
    "duration": 3018,
    "testsRegistered": 2,
    "passPercent": 100,
    "pendingPercent": 0,
    "other": 0,
    "hasOther": false,
    "skipped": 0,
    "hasSkipped": false
  },
  "results": [
    {
      "uuid": "8f521228-6666-4ae4-b5f8-852eb4ec3ddb",
      "title": "",
      "fullFile": "cypress\\e2e\\authorizationPageObject.cy.js",
      "file": "cypress\\e2e\\authorizationPageObject.cy.js",
      "beforeHooks": [],
      "afterHooks": [],
      "tests": [
        {
          "title": "Authorization",
          "fullTitle": "Authorization",
          "timedOut": null,
          "duration": 2440,
          "state": "passed",
          "speed": "fast",
          "pass": true,
          "fail": false,
          "pending": false,
          "context": null,
          "code": "_AuthorizationPage.default.visit();\n_AuthorizationPage.default.submitLoginForm(_user.default.userName, _user.default.password);\n_AccountPage.default.getUserNameFromHeading().should('contain', _user.default.firstName).and('contain', \"My Account\");\ncy.getCookie('AC_SF_8CEFDA09D5').should('exist');",
          "err": {},
          "uuid": "95653b4b-b293-49ea-8938-67e50aeb6f85",
          "parentUUID": "8f521228-6666-4ae4-b5f8-852eb4ec3ddb",
          "isHook": false,
          "skipped": false
        },
        {
          "title": "Test inheritance",
          "fullTitle": "Test inheritance",
          "timedOut": null,
          "duration": 544,
          "state": "passed",
          "speed": "fast",
          "pass": true,
          "fail": false,
          "pending": false,
          "context": null,
          "code": "_AuthorizationPage.default.visit();\n_AuthorizationPage.default.performSearch('i');",
          "err": {},
          "uuid": "56e71914-e6be-4e08-a01a-096bbe71961f",
          "parentUUID": "8f521228-6666-4ae4-b5f8-852eb4ec3ddb",
          "isHook": false,
          "skipped": false
        }
      ],
      "suites": [],
      "passes": [
        "95653b4b-b293-49ea-8938-67e50aeb6f85",
        "56e71914-e6be-4e08-a01a-096bbe71961f"
      ],
      "failures": [],
      "pending": [],
      "skipped": [],
      "duration": 2984,
      "root": true,
      "rootEmpty": false,
      "_timeout": 2000
    }
  ],
  "meta": {
    "mocha": {
      "version": "7.0.1"
    },
    "mochawesome": {
      "options": {
        "quiet": false,
        "reportFilename": "mochawesome",
        "saveHtml": false,
        "saveJson": true,
        "consoleReporter": "spec",
        "useInlineDiffs": false,
        "code": true
      },
      "version": "7.1.3"
    },
    "marge": {
      "options": {
        "configFile": "reporter-config.json",
        "reportDir": "cypress/results",
        "overwrite": false,
        "html": false,
        "json": true
      },
      "version": "6.2.0"
    }
  }
}