{
  "stats": {
    "suites": 0,
    "tests": 1,
    "passes": 0,
    "pending": 2,
    "failures": -1,
    "start": "2022-11-13T17:34:17.839Z",
    "end": "2022-11-13T17:34:17.891Z",
    "duration": 52,
    "testsRegistered": 2,
    "passPercent": null,
    "pendingPercent": 100,
    "other": 1,
    "hasOther": true,
    "skipped": 0,
    "hasSkipped": false
  },
  "results": [
    {
      "uuid": "10107a19-b5ea-4669-b744-ae116ad3619c",
      "title": "",
      "fullFile": "cypress\\e2e\\registration.cy.js",
      "file": "cypress\\e2e\\registration.cy.js",
      "beforeHooks": [],
      "afterHooks": [],
      "tests": [
        {
          "title": "Registration",
          "fullTitle": "Registration",
          "timedOut": null,
          "duration": 0,
          "state": "pending",
          "speed": null,
          "pass": false,
          "fail": false,
          "pending": true,
          "context": null,
          "code": "",
          "err": {},
          "uuid": "1f13cc1d-86c4-48b2-b9f7-9ab7291b0530",
          "parentUUID": "10107a19-b5ea-4669-b744-ae116ad3619c",
          "isHook": false,
          "skipped": false
        },
        {
          "title": "Registration with faker.js",
          "fullTitle": "Registration with faker.js",
          "timedOut": null,
          "duration": 0,
          "state": "pending",
          "speed": null,
          "pass": false,
          "fail": false,
          "pending": true,
          "context": null,
          "code": "",
          "err": {},
          "uuid": "7172706f-14ed-4beb-8532-c4d8e7891848",
          "parentUUID": "10107a19-b5ea-4669-b744-ae116ad3619c",
          "isHook": false,
          "skipped": false
        }
      ],
      "suites": [],
      "passes": [],
      "failures": [],
      "pending": [
        "1f13cc1d-86c4-48b2-b9f7-9ab7291b0530",
        "7172706f-14ed-4beb-8532-c4d8e7891848"
      ],
      "skipped": [],
      "duration": 0,
      "root": true,
      "rootEmpty": false,
      "_timeout": 2000
    }
  ],
  "meta": {
    "mocha": {
      "version": "7.0.1"
    },
    "mochawesome": {
      "options": {
        "quiet": false,
        "reportFilename": "mochawesome",
        "saveHtml": false,
        "saveJson": true,
        "consoleReporter": "spec",
        "useInlineDiffs": false,
        "code": true
      },
      "version": "7.1.3"
    },
    "marge": {
      "options": {
        "configFile": "reporter-config.json",
        "reportDir": "cypress/results",
        "overwrite": false,
        "html": false,
        "json": true
      },
      "version": "6.2.0"
    }
  }
}