{
  "stats": {
    "suites": 1,
    "tests": 3,
    "passes": 1,
    "pending": 0,
    "failures": 2,
    "start": "2022-11-13T17:33:46.029Z",
    "end": "2022-11-13T17:34:11.949Z",
    "duration": 25920,
    "testsRegistered": 3,
    "passPercent": 33.33333333333333,
    "pendingPercent": 0,
    "other": 0,
    "hasOther": false,
    "skipped": 0,
    "hasSkipped": false
  },
  "results": [
    {
      "uuid": "61eebf55-40cd-462b-937f-f72f5d61e4fd",
      "title": "",
      "fullFile": "cypress\\e2e\\order.cy.js",
      "file": "cypress\\e2e\\order.cy.js",
      "beforeHooks": [],
      "afterHooks": [],
      "tests": [],
      "suites": [
        {
          "uuid": "e24e651d-450f-43c4-9b1b-734368229883",
          "title": "test",
          "fullFile": "",
          "file": "",
          "beforeHooks": [],
          "afterHooks": [],
          "tests": [
            {
              "title": "Place order",
              "fullTitle": "test Place order",
              "timedOut": null,
              "duration": 6370,
              "state": "failed",
              "speed": null,
              "pass": false,
              "fail": true,
              "pending": false,
              "context": null,
              "code": "cy.setCookie(\"AC_SF_8CEFDA09D5\", _user.default.AC_SF_8CEFDA09D5);\ncy.visit('/index.php?rt=product/product&product_id=52');\ncy.get('#product_quantity').clear().type('4');\ncy.get('.productpagecart').click();\ncy.get('#cart_checkout1').click();\ncy.get('#checkout_btn').click();\ncy.get('h1.heading1').should('contain', 'Your Order Has Been Processed!');\ncy.get('.contentpanel').should('contain', 'Thank you for shopping with us!').and('contain', 'Your order ').and('contain', 'has been created!');",
              "err": {
                "message": "AssertionError: Timed out retrying after 4000ms: Expected to find element: `#checkout_btn`, but never found it.",
                "estack": "AssertionError: Timed out retrying after 4000ms: Expected to find element: `#checkout_btn`, but never found it.\n    at Context.eval (webpack:///./cypress/e2e/order.cy.js:15:7)",
                "diff": null
              },
              "uuid": "d85c3fa3-17c2-4405-8d2d-9ee79ce2d343",
              "parentUUID": "e24e651d-450f-43c4-9b1b-734368229883",
              "isHook": false,
              "skipped": false
            },
            {
              "title": "Place order via search ",
              "fullTitle": "test Place order via search ",
              "timedOut": null,
              "duration": 7609,
              "state": "failed",
              "speed": null,
              "pass": false,
              "fail": true,
              "pending": false,
              "context": null,
              "code": "cy.setCookie(\"AC_SF_8CEFDA09D5\", _user.default.AC_SF_8CEFDA09D5);\ncy.visit('/');\n(0, _helper.searchExistingProduct)('Benefit Bella Bamba');\ncy.get('#product_quantity').clear().type('4');\ncy.get('.productpagecart').click();\ncy.get('#cart_checkout1').click();\ncy.get('#checkout_btn').click();\ncy.get('h1.heading1').should('contain', 'Your Order Has Been Processed!');\ncy.get('.contentpanel').should('contain', 'Thank you for shopping with us!').and('contain', 'Your order ').and('contain', 'has been created!');",
              "err": {
                "message": "AssertionError: Timed out retrying after 4000ms: Expected to find element: `#checkout_btn`, but never found it.",
                "estack": "AssertionError: Timed out retrying after 4000ms: Expected to find element: `#checkout_btn`, but never found it.\n    at Context.eval (webpack:///./cypress/e2e/order.cy.js:36:7)",
                "diff": null
              },
              "uuid": "186f2633-de52-4410-95c9-0216db20cd43",
              "parentUUID": "e24e651d-450f-43c4-9b1b-734368229883",
              "isHook": false,
              "skipped": false
            },
            {
              "title": "Place order via search with helper",
              "fullTitle": "test Place order via search with helper",
              "timedOut": null,
              "duration": 11771,
              "state": "passed",
              "speed": "slow",
              "pass": true,
              "fail": false,
              "pending": false,
              "context": null,
              "code": "cy.visit('/index.php?rt=account/login');\ncy.get('#loginFrm_loginname').type(_user.default.userName);\ncy.get('#loginFrm_password').type(_user.default.password);\ncy.get('button[title=\"Login\"]').click();\ncy.get('h1.heading1').should('contain', _user.default.firstName).and('contain', \"My Account\");\ncy.get('#filter_keyword').type('i').closest('form').submit();\n(0, _helper.searchProductWithRecursion)('Benefit Bella Bamba');\ncy.get('#product_quantity').clear().type('4');\ncy.get('.productpagecart').click();\ncy.get('#cart_checkout1').click();\ncy.get('#checkout_btn').click();\ncy.get('h1.heading1').should('contain', 'Your Order Has Been Processed!');\ncy.get('.contentpanel').should('contain', 'Thank you for shopping with us!').and('contain', 'Your order ').and('contain', 'has been created!');",
              "err": {},
              "uuid": "f9d90805-ef1c-4518-b5d7-6dd0726e0f6a",
              "parentUUID": "e24e651d-450f-43c4-9b1b-734368229883",
              "isHook": false,
              "skipped": false
            }
          ],
          "suites": [],
          "passes": [
            "f9d90805-ef1c-4518-b5d7-6dd0726e0f6a"
          ],
          "failures": [
            "d85c3fa3-17c2-4405-8d2d-9ee79ce2d343",
            "186f2633-de52-4410-95c9-0216db20cd43"
          ],
          "pending": [],
          "skipped": [],
          "duration": 25750,
          "root": false,
          "rootEmpty": false,
          "_timeout": 2000
        }
      ],
      "passes": [],
      "failures": [],
      "pending": [],
      "skipped": [],
      "duration": 0,
      "root": true,
      "rootEmpty": true,
      "_timeout": 2000
    }
  ],
  "meta": {
    "mocha": {
      "version": "7.0.1"
    },
    "mochawesome": {
      "options": {
        "quiet": false,
        "reportFilename": "mochawesome",
        "saveHtml": false,
        "saveJson": true,
        "consoleReporter": "spec",
        "useInlineDiffs": false,
        "code": true
      },
      "version": "7.1.3"
    },
    "marge": {
      "options": {
        "configFile": "reporter-config.json",
        "reportDir": "cypress/results",
        "overwrite": false,
        "html": false,
        "json": true
      },
      "version": "6.2.0"
    }
  }
}