{
  "stats": {
    "suites": 0,
    "tests": 2,
    "passes": 2,
    "pending": 0,
    "failures": 0,
    "start": "2022-11-13T14:11:42.099Z",
    "end": "2022-11-13T14:11:44.879Z",
    "duration": 2780,
    "testsRegistered": 2,
    "passPercent": 100,
    "pendingPercent": 0,
    "other": 0,
    "hasOther": false,
    "skipped": 0,
    "hasSkipped": false
  },
  "results": [
    {
      "uuid": "e68f9d1e-6d00-4c5a-a77c-93fb91cc0bba",
      "title": "",
      "fullFile": "cypress\\e2e\\authorizationPageObject.cy.js",
      "file": "cypress\\e2e\\authorizationPageObject.cy.js",
      "beforeHooks": [],
      "afterHooks": [],
      "tests": [
        {
          "title": "Authorization",
          "fullTitle": "Authorization",
          "timedOut": null,
          "duration": 2308,
          "state": "passed",
          "speed": "fast",
          "pass": true,
          "fail": false,
          "pending": false,
          "context": null,
          "code": "_AuthorizationPage.default.visit();\n_AuthorizationPage.default.submitLoginForm(_user.default.userName, _user.default.password);\n_AccountPage.default.getUserNameFromHeading().should('contain', _user.default.firstName).and('contain', \"My Account\");\ncy.getCookie('AC_SF_8CEFDA09D5').should('exist');",
          "err": {},
          "uuid": "e4c6184d-b03e-415a-bd1e-31197ca86225",
          "parentUUID": "e68f9d1e-6d00-4c5a-a77c-93fb91cc0bba",
          "isHook": false,
          "skipped": false
        },
        {
          "title": "Test inheritance",
          "fullTitle": "Test inheritance",
          "timedOut": null,
          "duration": 445,
          "state": "passed",
          "speed": "fast",
          "pass": true,
          "fail": false,
          "pending": false,
          "context": null,
          "code": "_AuthorizationPage.default.visit();\n_AuthorizationPage.default.performSearch('i');",
          "err": {},
          "uuid": "a3cf70d3-bcb6-44ec-b4dc-10cab56a6618",
          "parentUUID": "e68f9d1e-6d00-4c5a-a77c-93fb91cc0bba",
          "isHook": false,
          "skipped": false
        }
      ],
      "suites": [],
      "passes": [
        "e4c6184d-b03e-415a-bd1e-31197ca86225",
        "a3cf70d3-bcb6-44ec-b4dc-10cab56a6618"
      ],
      "failures": [],
      "pending": [],
      "skipped": [],
      "duration": 2753,
      "root": true,
      "rootEmpty": false,
      "_timeout": 2000
    }
  ],
  "meta": {
    "mocha": {
      "version": "7.0.1"
    },
    "mochawesome": {
      "options": {
        "quiet": false,
        "reportFilename": "mochawesome",
        "saveHtml": false,
        "saveJson": true,
        "consoleReporter": "spec",
        "useInlineDiffs": false,
        "code": true
      },
      "version": "7.1.3"
    },
    "marge": {
      "options": {
        "configFile": "reporter-config.json",
        "reportDir": "cypress/results",
        "overwrite": false,
        "html": false,
        "json": true
      },
      "version": "6.2.0"
    }
  }
}