{
  "stats": {
    "suites": 0,
    "tests": 1,
    "passes": 0,
    "pending": 0,
    "failures": 1,
    "start": "2022-11-13T14:16:18.295Z",
    "end": "2022-11-13T14:16:24.314Z",
    "duration": 6019,
    "testsRegistered": 1,
    "passPercent": 0,
    "pendingPercent": 0,
    "other": 0,
    "hasOther": false,
    "skipped": 0,
    "hasSkipped": false
  },
  "results": [
    {
      "uuid": "24f141cf-14e4-45f0-8d2d-3dd3df70bf18",
      "title": "",
      "fullFile": "cypress\\e2e\\authorization.cy.js",
      "file": "cypress\\e2e\\authorization.cy.js",
      "beforeHooks": [],
      "afterHooks": [],
      "tests": [
        {
          "title": "Authorization",
          "fullTitle": "Authorization",
          "timedOut": null,
          "duration": 5960,
          "state": "failed",
          "speed": null,
          "pass": false,
          "fail": true,
          "pending": false,
          "context": null,
          "code": "cy.visit('/index.php?rt=account/login');\ncy.get('#loginFrm_loginname1').type(_user.default.userName);\ncy.get('#loginFrm_password').type(_user.default.password);\ncy.get('button[title=\"Login\"]').click();\ncy.get('h1.heading1').should('contain', _user.default.firstName).and('contain', \"My Account\");\ncy.getCookie('AC_SF_8CEFDA09D5').should('exist');",
          "err": {
            "message": "AssertionError: Timed out retrying after 4000ms: Expected to find element: `#loginFrm_loginname1`, but never found it.",
            "estack": "AssertionError: Timed out retrying after 4000ms: Expected to find element: `#loginFrm_loginname1`, but never found it.\n    at Context.eval (webpack:///./cypress/e2e/authorization.cy.js:7:5)",
            "diff": null
          },
          "uuid": "ee4f319b-8039-4e67-ac83-948cbc21689f",
          "parentUUID": "24f141cf-14e4-45f0-8d2d-3dd3df70bf18",
          "isHook": false,
          "skipped": false
        }
      ],
      "suites": [],
      "passes": [],
      "failures": [
        "ee4f319b-8039-4e67-ac83-948cbc21689f"
      ],
      "pending": [],
      "skipped": [],
      "duration": 5960,
      "root": true,
      "rootEmpty": false,
      "_timeout": 2000
    }
  ],
  "meta": {
    "mocha": {
      "version": "7.0.1"
    },
    "mochawesome": {
      "options": {
        "quiet": false,
        "reportFilename": "mochawesome",
        "saveHtml": false,
        "saveJson": true,
        "consoleReporter": "spec",
        "useInlineDiffs": false,
        "code": true
      },
      "version": "7.1.3"
    },
    "marge": {
      "options": {
        "configFile": "reporter-config.json",
        "reportDir": "cypress/results",
        "overwrite": false,
        "html": false,
        "json": true
      },
      "version": "6.2.0"
    }
  }
}